<?xml version="1.0" encoding="UTF-8"?>
<!-- Generated by org.testng.reporters.JUnitReportReporter -->
<testsuite hostname="FatherCarlo" failures="0" tests="2" name="bg.codeacademy.spring.gossiptalks.model.UserTest" time="0.014" errors="0" timestamp="07 май 2020 06:13:47 GMT" skipped="0">
  <testcase classname="bg.codeacademy.spring.gossiptalks.model.UserTest" name="test_user_Null" time="0.012"/>
  <testcase classname="bg.codeacademy.spring.gossiptalks.model.UserTest" name="test_user_invalid" time="0.002"/>
</testsuite> <!-- bg.codeacademy.spring.gossiptalks.model.UserTest -->
