<?xml version="1.0" encoding="UTF-8"?>
<!-- Generated by org.testng.reporters.JUnitReportReporter -->
<testsuite hostname="FatherCarlo" failures="0" tests="1" name="bg.codeacademy.spring.gossiptalks.GossipTalksApplicationTests" time="0.002" errors="0" timestamp="07 май 2020 06:13:47 GMT" skipped="0">
  <testcase classname="bg.codeacademy.spring.gossiptalks.GossipTalksApplicationTests" name="contextLoads" time="0.002"/>
</testsuite> <!-- bg.codeacademy.spring.gossiptalks.GossipTalksApplicationTests -->
