<?xml version="1.0" encoding="UTF-8"?>
<!-- Generated by org.testng.reporters.JUnitReportReporter -->
<testsuite hostname="FatherCarlo" failures="0" tests="1" name="bg.codeacademy.spring.gossiptalks.DTO.UserDTOWithBase32Test" time="0.031" errors="0" timestamp="07 май 2020 06:13:47 GMT" skipped="0">
  <testcase classname="bg.codeacademy.spring.gossiptalks.DTO.UserDTOWithBase32Test" name="test_Invalid_UserDTO" time="0.031"/>
</testsuite> <!-- bg.codeacademy.spring.gossiptalks.DTO.UserDTOWithBase32Test -->
