<?xml version="1.0" encoding="UTF-8"?>
<!-- Generated by org.testng.reporters.JUnitReportReporter -->
<testsuite hostname="FatherCarlo" failures="0" tests="1" name="bg.codeacademy.spring.gossiptalks.DTO.GossipDtoTest" time="0.041" errors="0" timestamp="07 май 2020 06:13:47 GMT" skipped="0">
  <testcase classname="bg.codeacademy.spring.gossiptalks.DTO.GossipDtoTest" name="test_createInvalid_GossipDto" time="0.041"/>
</testsuite> <!-- bg.codeacademy.spring.gossiptalks.DTO.GossipDtoTest -->
