<?xml version="1.0" encoding="UTF-8"?>
<!-- Generated by org.testng.reporters.JUnitReportReporter -->
<testsuite hostname="FatherCarlo" failures="0" tests="2" name="bg.codeacademy.spring.gossiptalks.model.GossipTest" time="0.015" errors="0" timestamp="07 май 2020 06:13:47 GMT" skipped="0">
  <testcase classname="bg.codeacademy.spring.gossiptalks.model.GossipTest" name="test_gossip_Invalid" time="0.015"/>
  <testcase classname="bg.codeacademy.spring.gossiptalks.model.GossipTest" name="test_gossip_null" time="0.000"/>
</testsuite> <!-- bg.codeacademy.spring.gossiptalks.model.GossipTest -->
