<?xml version="1.0" encoding="UTF-8"?>
<!-- Generated by org.testng.reporters.JUnitReportReporter -->
<testsuite hostname="FatherCarlo" failures="0" tests="10" name="bg.codeacademy.spring.gossiptalks.controller.UserControllerTest" time="3.948" errors="0" timestamp="07 май 2020 06:13:47 GMT" skipped="0">
  <testcase classname="bg.codeacademy.spring.gossiptalks.controller.UserControllerTest" name="get_all_users_request_verify_200" time="0.347"/>
  <testcase classname="bg.codeacademy.spring.gossiptalks.controller.UserControllerTest" name="test_change_incorrect_password" time="0.436"/>
  <testcase classname="bg.codeacademy.spring.gossiptalks.controller.UserControllerTest" name="test_change_incorrect_password_confirmation" time="0.407"/>
  <testcase classname="bg.codeacademy.spring.gossiptalks.controller.UserControllerTest" name="test_create_user" time="0.381"/>
  <testcase classname="bg.codeacademy.spring.gossiptalks.controller.UserControllerTest" name="test_follow_user" time="0.454"/>
  <testcase classname="bg.codeacademy.spring.gossiptalks.controller.UserControllerTest" name="test_un_follow_user" time="0.393"/>
  <testcase classname="bg.codeacademy.spring.gossiptalks.controller.UserControllerTest" name="test_create__invalid_email_user" time="0.300"/>
  <testcase classname="bg.codeacademy.spring.gossiptalks.controller.UserControllerTest" name="test_create__invalid_username_user" time="0.359"/>
  <testcase classname="bg.codeacademy.spring.gossiptalks.controller.UserControllerTest" name="test_get_information_about_me" time="0.336"/>
  <testcase classname="bg.codeacademy.spring.gossiptalks.controller.UserControllerTest" name="test_change_password" time="0.535"/>
</testsuite> <!-- bg.codeacademy.spring.gossiptalks.controller.UserControllerTest -->
