<?xml version="1.0" encoding="UTF-8"?>
<!-- Generated by org.testng.reporters.JUnitReportReporter -->
<testsuite hostname="FatherCarlo" failures="0" tests="3" name="bg.codeacademy.spring.gossiptalks.util.DetectHtmlTest" time="0.001" errors="0" timestamp="07 май 2020 06:13:47 GMT" skipped="0">
  <testcase classname="bg.codeacademy.spring.gossiptalks.util.DetectHtmlTest" name="detectHtml" time="0.000"/>
  <testcase classname="bg.codeacademy.spring.gossiptalks.util.DetectHtmlTest" name="detectHtml" time="0.001"/>
  <testcase classname="bg.codeacademy.spring.gossiptalks.util.DetectHtmlTest" name="detectHtml" time="0.000"/>
</testsuite> <!-- bg.codeacademy.spring.gossiptalks.util.DetectHtmlTest -->
