<?xml version="1.0" encoding="UTF-8"?>
<!-- Generated by org.testng.reporters.JUnitReportReporter -->
<testsuite hostname="FatherCarlo" failures="0" tests="3" name="bg.codeacademy.spring.gossiptalks.service.GossipServiceTest" time="0.049" errors="0" timestamp="07 май 2020 06:13:47 GMT" skipped="0">
  <testcase classname="bg.codeacademy.spring.gossiptalks.service.GossipServiceTest" name="test_getAll_gossips_by_userId" time="0.047"/>
  <testcase classname="bg.codeacademy.spring.gossiptalks.service.GossipServiceTest" name="test_save_a_gossip" time="0.001"/>
  <testcase classname="bg.codeacademy.spring.gossiptalks.service.GossipServiceTest" name="test_get_all_gossips" time="0.001"/>
</testsuite> <!-- bg.codeacademy.spring.gossiptalks.service.GossipServiceTest -->
