<?xml version="1.0" encoding="UTF-8"?>
<!-- Generated by org.testng.reporters.JUnitReportReporter -->
<testsuite hostname="FatherCarlo" failures="0" tests="8" name="bg.codeacademy.spring.gossiptalks.controller.GossipControllerTest" time="8.269" errors="0" timestamp="07 май 2020 06:13:47 GMT" skipped="0">
  <testcase classname="bg.codeacademy.spring.gossiptalks.controller.GossipControllerTest" name="test_post_invalid_gossip_with_html" time="0.466"/>
  <testcase classname="bg.codeacademy.spring.gossiptalks.controller.GossipControllerTest" name="test_post_invalid_gossip_with_more255symbols" time="0.358"/>
  <testcase classname="bg.codeacademy.spring.gossiptalks.controller.GossipControllerTest" name="test_post_invalid_gossip_with_emptyString" time="0.746"/>
  <testcase classname="bg.codeacademy.spring.gossiptalks.controller.GossipControllerTest" name="test_valid_get_all_gossips" time="0.355"/>
  <testcase classname="bg.codeacademy.spring.gossiptalks.controller.GossipControllerTest" name="test_incorrect_pageNo" time="4.898"/>
  <testcase classname="bg.codeacademy.spring.gossiptalks.controller.GossipControllerTest" name="test_valid_get_all_gossips_200" time="0.438"/>
  <testcase classname="bg.codeacademy.spring.gossiptalks.controller.GossipControllerTest" name="test_valid_get_user_gossips_200" time="0.548"/>
  <testcase classname="bg.codeacademy.spring.gossiptalks.controller.GossipControllerTest" name="test_post_valid_gossip" time="0.460"/>
</testsuite> <!-- bg.codeacademy.spring.gossiptalks.controller.GossipControllerTest -->
