<?xml version="1.0" encoding="UTF-8"?>
<!-- Generated by org.testng.reporters.JUnitReportReporter -->
<testsuite hostname="FatherCarlo" failures="0" tests="6" name="bg.codeacademy.spring.gossiptalks.service.UserServiceTest" time="0.006" errors="0" timestamp="07 май 2020 06:13:47 GMT" skipped="0">
  <testcase classname="bg.codeacademy.spring.gossiptalks.service.UserServiceTest" name="test_delete_user" time="0.001"/>
  <testcase classname="bg.codeacademy.spring.gossiptalks.service.UserServiceTest" name="test_get_user_by_username" time="0.002"/>
  <testcase classname="bg.codeacademy.spring.gossiptalks.service.UserServiceTest" name="test_get_all_users" time="0.003"/>
  <testcase classname="bg.codeacademy.spring.gossiptalks.service.UserServiceTest" name="test_get_user_by_username_invalid" time="0.000"/>
  <testcase classname="bg.codeacademy.spring.gossiptalks.service.UserServiceTest" name="test_get_user_by_criteria" time="0.000"/>
  <testcase classname="bg.codeacademy.spring.gossiptalks.service.UserServiceTest" name="test_save_user" time="0.000"/>
</testsuite> <!-- bg.codeacademy.spring.gossiptalks.service.UserServiceTest -->
